<?xml version="1.0" encoding="UTF-8"?>
<!-- Generated by org.testng.reporters.JUnitReportReporter -->
<testsuite skipped="0" hostname="hp" name="org.Seleniumtesting.Trainingconfigtestng" tests="1" failures="0" timestamp="08 Nov 2019 10:59:00 GMT" time="0.013" errors="0">
  <testcase name="display" time="0.013" classname="org.Seleniumtesting.Trainingconfigtestng"/>
</testsuite> <!-- org.Seleniumtesting.Trainingconfigtestng -->
