<?xml version="1.0" encoding="UTF-8"?>
<!-- Generated by org.testng.reporters.JUnitReportReporter -->
<testsuite skipped="0" hostname="hp" name="org.Seleniumtesting.Jenkins_check" tests="1" failures="0" timestamp="11 Nov 2019 05:49:11 GMT" time="0.132" errors="0">
  <testcase name="test1" time="0.132" classname="org.Seleniumtesting.Jenkins_check"/>
</testsuite> <!-- org.Seleniumtesting.Jenkins_check -->
