<?xml version="1.0" encoding="UTF-8"?>
<!-- Generated by org.testng.reporters.JUnitReportReporter -->
<testsuite skipped="0" hostname="hp" name="org.Seleniumtesting.Check_1" tests="1" failures="0" timestamp="08 Nov 2019 11:01:26 GMT" time="0.013" errors="0">
  <testcase name="checkin" time="0.013" classname="org.Seleniumtesting.Check_1"/>
</testsuite> <!-- org.Seleniumtesting.Check_1 -->
