<?xml version="1.0" encoding="UTF-8"?>
<!-- Generated by org.testng.reporters.JUnitReportReporter -->
<testsuite skipped="0" hostname="hp" name="org.Seleniumtesting.Test1" tests="1" failures="0" timestamp="09 Nov 2019 13:39:17 GMT" time="0.022" errors="0">
  <testcase name="ddisplay" time="0.022" classname="org.Seleniumtesting.Test1"/>
</testsuite> <!-- org.Seleniumtesting.Test1 -->
