<?xml version="1.0" encoding="UTF-8"?>
<!-- Generated by org.testng.reporters.JUnitReportReporter -->
<testsuite skipped="0" hostname="hp" name="org.Seleniumtesting.Test2" tests="1" failures="0" timestamp="11 Nov 2019 05:40:14 GMT" time="0.344" errors="0">
  <testcase name="test1" time="0.344" classname="org.Seleniumtesting.Test2"/>
</testsuite> <!-- org.Seleniumtesting.Test2 -->
